<?xml version="1.0" encoding="UTF-8"?>
<!-- Generated by org.testng.reporters.JUnitXMLReporter -->
<testsuite ignored="0" hostname="Revathi" failures="0" tests="10" name="Default test" time="56.643" errors="0" timestamp="2023-06-21T21:47:28 EDT">
  <testcase classname="com.automation.tests.AutomationScripts" name="Check_New_Button_on_Leads_testscript" time="9.022"/>
  <testcase classname="com.automation.tests.AutomationScripts" name="Check_RememberMe_testscript" time="6.44"/>
  <testcase classname="com.automation.tests.AutomationScripts" name="Check_leads_Tab_Link_testscript" time="6.885"/>
  <testcase classname="com.automation.tests.AutomationScripts" name="Create_New_Contact_testscript" time="7.062"/>
  <testcase classname="com.automation.tests.AutomationScripts" name="Forgot_PasswordA_testscript" time="1.384"/>
  <testcase classname="com.automation.tests.AutomationScripts" name="List_Item_Todays_Leads_testscript" time="7.127"/>
  <testcase classname="com.automation.tests.AutomationScripts" name="Login_Error_Salesforce_testscript" time="2.628"/>
  <testcase classname="com.automation.tests.AutomationScripts" name="Login_to_Salesforce_testscript" time="4.076"/>
  <testcase classname="com.automation.tests.AutomationScripts" name="Validate_LoginErrorB_testscript" time="5.386"/>
  <testcase classname="com.automation.tests.AutomationScripts" name="Validate_View_Dropdown_List_testscript" time="6.275"/>
</testsuite> <!-- Default test -->
